2026-02-24 20:26:06,101 - INFO - Looking into Her Prison, Her Pleasure(Intersex)
2026-02-24 20:26:20,720 - INFO - Pressing comment button has finished
2026-02-24 20:26:33,125 - INFO - Pressing comment button has finished
2026-02-24 20:26:46,132 - INFO - Pressing comment button has finished
2026-02-24 20:26:59,251 - INFO - Pressing comment button has finished
2026-02-24 20:27:12,385 - INFO - Pressing comment button has finished
2026-02-24 20:27:25,649 - INFO - Pressing comment button has finished
2026-02-24 20:27:37,928 - INFO - Pressing comment button has finished
2026-02-24 20:27:50,217 - INFO - Pressing comment button has finished
2026-02-24 20:28:03,196 - INFO - Pressing comment button has finished
2026-02-24 20:28:16,730 - INFO - Pressing comment button has finished
2026-02-24 20:28:28,944 - INFO - Pressing comment button has finished
2026-02-24 20:28:41,001 - INFO - Pressing comment button has finished
2026-02-24 20:28:53,103 - INFO - Pressing comment button has finished
2026-02-24 20:29:06,333 - INFO - Pressing comment button has finished
2026-02-24 20:29:18,545 - INFO - Pressing comment button has finished
2026-02-24 20:29:32,641 - INFO - Pressing comment button has finished
2026-02-24 20:29:44,670 - INFO - Pressing comment button has finished
2026-02-24 20:29:56,736 - INFO - Pressing comment button has finished
2026-02-24 20:30:08,484 - INFO - Pressing comment button has finished
2026-02-24 20:30:20,335 - INFO - Pressing comment button has finished
2026-02-24 20:30:32,058 - INFO - Pressing comment button has finished
2026-02-24 20:30:44,029 - INFO - Pressing comment button has finished
2026-02-24 20:30:56,323 - INFO - Pressing comment button has finished
2026-02-24 20:31:08,327 - INFO - Pressing comment button has finished
2026-02-24 20:31:20,703 - INFO - Pressing comment button has finished
2026-02-24 20:31:32,442 - INFO - Pressing comment button has finished
2026-02-24 20:31:44,161 - INFO - Pressing comment button has finished
2026-02-24 20:31:56,353 - INFO - Pressing comment button has finished
2026-02-24 20:32:08,639 - INFO - Pressing comment button has finished
2026-02-24 20:32:21,085 - INFO - Pressing comment button has finished
2026-02-24 20:32:32,716 - INFO - Pressing comment button has finished
2026-02-24 20:32:44,685 - INFO - Pressing comment button has finished
2026-02-24 20:32:56,865 - INFO - Pressing comment button has finished
2026-02-24 20:33:09,725 - INFO - Pressing comment button has finished
2026-02-24 20:33:22,315 - INFO - Pressing comment button has finished
2026-02-24 20:33:34,480 - INFO - Pressing comment button has finished
2026-02-24 20:33:46,762 - INFO - Pressing comment button has finished
2026-02-24 20:33:58,971 - INFO - Pressing comment button has finished
2026-02-24 20:34:11,306 - INFO - Pressing comment button has finished
2026-02-24 20:34:24,141 - INFO - Pressing comment button has finished
2026-02-24 20:34:36,035 - INFO - Pressing comment button has finished
2026-02-24 20:34:48,267 - INFO - Pressing comment button has finished
2026-02-24 20:35:00,303 - INFO - Pressing comment button has finished
2026-02-24 20:35:12,041 - INFO - Pressing comment button has finished
2026-02-24 20:35:23,775 - INFO - Pressing comment button has finished
2026-02-24 20:35:35,466 - INFO - Pressing comment button has finished
2026-02-24 20:35:47,427 - INFO - Pressing comment button has finished
2026-02-24 20:35:59,460 - INFO - Pressing comment button has finished
2026-02-24 20:36:11,612 - INFO - Pressing comment button has finished
2026-02-24 20:36:23,601 - INFO - Pressing comment button has finished
2026-02-24 20:36:37,207 - INFO - Pressing comment button has finished
2026-02-24 20:36:50,367 - INFO - Pressing comment button has finished
2026-02-24 20:37:02,145 - INFO - Pressing comment button has finished
2026-02-24 20:37:13,847 - INFO - Pressing comment button has finished
2026-02-24 20:37:25,826 - INFO - Pressing comment button has finished
2026-02-24 20:37:38,083 - INFO - Pressing comment button has finished
2026-02-24 20:37:49,989 - INFO - Pressing comment button has finished
2026-02-24 20:38:01,808 - INFO - Pressing comment button has finished
2026-02-24 20:38:13,883 - INFO - Pressing comment button has finished
2026-02-24 20:38:25,787 - INFO - Pressing comment button has finished
2026-02-24 20:38:37,859 - INFO - Pressing comment button has finished
2026-02-24 20:38:51,656 - INFO - Pressing comment button has finished
2026-02-24 20:39:05,468 - INFO - Pressing comment button has finished
2026-02-24 20:39:17,512 - INFO - Pressing comment button has finished
2026-02-24 20:39:29,552 - INFO - Pressing comment button has finished
2026-02-24 20:39:41,460 - INFO - Pressing comment button has finished
2026-02-24 20:39:53,263 - INFO - Pressing comment button has finished
2026-02-24 20:40:05,224 - INFO - Pressing comment button has finished
2026-02-24 20:40:17,435 - INFO - Pressing comment button has finished
2026-02-24 20:40:29,378 - INFO - Pressing comment button has finished
2026-02-24 20:40:41,352 - INFO - Pressing comment button has finished
2026-02-24 20:40:53,111 - INFO - Pressing comment button has finished
2026-02-24 20:41:05,863 - INFO - Pressing comment button has finished
2026-02-24 20:41:18,002 - INFO - Pressing comment button has finished
2026-02-24 20:41:29,973 - INFO - Pressing comment button has finished
2026-02-24 20:41:42,262 - INFO - Pressing comment button has finished
2026-02-24 20:41:55,224 - INFO - Pressing comment button has finished
2026-02-24 20:41:56,012 - INFO - Finished one story
2026-02-24 20:41:57,523 - INFO - Looking into Frozen Desires [profxgirl][wlw]
2026-02-24 20:42:33,824 - INFO - Pressing comment button has finished
2026-02-24 20:42:35,145 - WARNING - ONE comment couldn't be processed
2026-02-24 20:43:58,854 - INFO - Pressing comment button has finished
2026-02-24 20:44:50,808 - INFO - Pressing comment button has finished
2026-02-24 20:45:20,876 - INFO - Pressing comment button has finished
2026-02-24 20:45:54,227 - INFO - Pressing comment button has finished
2026-02-24 20:46:27,578 - INFO - Pressing comment button has finished
2026-02-24 20:46:50,106 - INFO - Pressing comment button has finished
2026-02-24 20:47:14,806 - INFO - Pressing comment button has finished
2026-02-24 20:47:56,793 - INFO - Pressing comment button has finished
2026-02-24 20:48:21,970 - INFO - Pressing comment button has finished
2026-02-24 20:48:59,293 - INFO - Pressing comment button has finished
2026-02-24 20:49:35,095 - INFO - Pressing comment button has finished
2026-02-24 20:50:00,055 - INFO - Pressing comment button has finished
2026-02-24 20:50:20,064 - INFO - Pressing comment button has finished
2026-02-24 21:10:25,725 - INFO - Looking into Her Prison, Her Pleasure(Intersex)
2026-02-24 21:10:38,691 - INFO - Pressing comment button has finished
2026-02-24 21:10:50,887 - INFO - Pressing comment button has finished
2026-02-24 21:11:03,518 - INFO - Pressing comment button has finished
2026-02-24 21:11:15,643 - INFO - Pressing comment button has finished
2026-02-24 21:11:27,924 - INFO - Pressing comment button has finished
2026-02-24 21:11:39,958 - INFO - Pressing comment button has finished
2026-02-24 21:11:52,634 - INFO - Pressing comment button has finished
2026-02-24 21:12:05,029 - INFO - Pressing comment button has finished
2026-02-24 21:12:17,263 - INFO - Pressing comment button has finished
2026-02-24 21:12:29,333 - INFO - Pressing comment button has finished
2026-02-24 21:12:41,021 - INFO - Pressing comment button has finished
2026-02-24 21:12:53,014 - INFO - Pressing comment button has finished
2026-02-24 21:13:05,220 - INFO - Pressing comment button has finished
2026-02-24 21:13:17,524 - INFO - Pressing comment button has finished
2026-02-24 21:13:31,487 - INFO - Pressing comment button has finished
2026-02-24 21:13:43,666 - INFO - Pressing comment button has finished
2026-02-24 21:13:55,545 - INFO - Pressing comment button has finished
2026-02-24 21:14:07,293 - INFO - Pressing comment button has finished
2026-02-24 21:14:20,460 - INFO - Pressing comment button has finished
2026-02-24 21:14:32,673 - INFO - Pressing comment button has finished
2026-02-24 21:14:44,702 - INFO - Pressing comment button has finished
2026-02-24 21:14:56,428 - INFO - Pressing comment button has finished
2026-02-24 21:15:08,821 - INFO - Pressing comment button has finished
2026-02-24 21:15:20,534 - INFO - Pressing comment button has finished
2026-02-24 21:15:32,847 - INFO - Pressing comment button has finished
2026-02-24 21:15:45,325 - INFO - Pressing comment button has finished
2026-02-24 21:15:57,216 - INFO - Pressing comment button has finished
2026-02-24 21:16:09,147 - INFO - Pressing comment button has finished
2026-02-24 21:16:20,859 - INFO - Pressing comment button has finished
2026-02-24 21:16:32,572 - INFO - Pressing comment button has finished
2026-02-24 21:16:44,371 - INFO - Pressing comment button has finished
2026-02-24 21:16:56,495 - INFO - Pressing comment button has finished
2026-02-24 21:17:08,705 - INFO - Pressing comment button has finished
2026-02-24 21:17:21,437 - INFO - Pressing comment button has finished
2026-02-24 21:17:33,909 - INFO - Pressing comment button has finished
2026-02-24 21:17:47,554 - INFO - Pressing comment button has finished
2026-02-24 21:18:00,394 - INFO - Pressing comment button has finished
2026-02-24 21:18:12,953 - INFO - Pressing comment button has finished
2026-02-24 21:18:25,084 - INFO - Pressing comment button has finished
2026-02-24 21:18:38,205 - INFO - Pressing comment button has finished
2026-02-24 21:18:50,056 - INFO - Pressing comment button has finished
2026-02-24 21:19:01,783 - INFO - Pressing comment button has finished
2026-02-24 21:19:13,849 - INFO - Pressing comment button has finished
2026-02-24 21:19:25,810 - INFO - Pressing comment button has finished
2026-02-24 21:19:38,019 - INFO - Pressing comment button has finished
2026-02-24 21:19:50,377 - INFO - Pressing comment button has finished
2026-02-24 21:20:02,232 - INFO - Pressing comment button has finished
2026-02-24 21:20:14,220 - INFO - Pressing comment button has finished
2026-02-24 21:20:26,160 - INFO - Pressing comment button has finished
2026-02-24 21:20:38,145 - INFO - Pressing comment button has finished
2026-02-24 21:20:49,958 - INFO - Pressing comment button has finished
2026-02-24 21:21:02,136 - INFO - Pressing comment button has finished
2026-02-24 21:21:14,065 - INFO - Pressing comment button has finished
2026-02-24 21:21:25,830 - INFO - Pressing comment button has finished
2026-02-24 21:21:37,686 - INFO - Pressing comment button has finished
2026-02-24 21:21:49,702 - INFO - Pressing comment button has finished
2026-02-24 21:22:02,248 - INFO - Pressing comment button has finished
2026-02-24 21:22:14,336 - INFO - Pressing comment button has finished
2026-02-24 21:22:26,605 - INFO - Pressing comment button has finished
2026-02-24 21:22:38,731 - INFO - Pressing comment button has finished
2026-02-24 21:22:50,514 - INFO - Pressing comment button has finished
2026-02-24 21:23:02,337 - INFO - Pressing comment button has finished
2026-02-24 21:23:14,214 - INFO - Pressing comment button has finished
2026-02-24 21:23:26,435 - INFO - Pressing comment button has finished
2026-02-24 21:23:38,699 - INFO - Pressing comment button has finished
2026-02-24 21:23:50,810 - INFO - Pressing comment button has finished
2026-02-24 21:24:02,613 - INFO - Pressing comment button has finished
2026-02-24 21:24:14,478 - INFO - Pressing comment button has finished
2026-02-24 21:24:26,387 - INFO - Pressing comment button has finished
2026-02-24 21:24:38,493 - INFO - Pressing comment button has finished
2026-02-24 21:24:50,735 - INFO - Pressing comment button has finished
2026-02-24 21:25:03,058 - INFO - Pressing comment button has finished
2026-02-24 21:25:15,221 - INFO - Pressing comment button has finished
2026-02-24 21:25:27,134 - INFO - Pressing comment button has finished
2026-02-24 21:25:39,022 - INFO - Pressing comment button has finished
2026-02-24 21:25:51,046 - INFO - Pressing comment button has finished
2026-02-24 21:26:03,189 - INFO - Pressing comment button has finished
2026-02-24 21:26:16,445 - INFO - Pressing comment button has finished
2026-02-24 21:26:17,104 - INFO - Finished one story
2026-02-24 21:26:18,471 - INFO - Looking into Frozen Desires [profxgirl][wlw]
2026-02-24 21:26:51,926 - INFO - Pressing comment button has finished
2026-02-24 21:26:52,781 - WARNING - ONE comment couldn't be processed
2026-02-24 21:28:14,733 - INFO - Pressing comment button has finished
2026-02-24 21:29:05,565 - INFO - Pressing comment button has finished
2026-02-24 21:29:36,225 - INFO - Pressing comment button has finished
2026-02-24 21:30:09,673 - INFO - Pressing comment button has finished
2026-02-24 21:30:43,310 - INFO - Pressing comment button has finished
2026-02-24 21:31:02,770 - INFO - Pressing comment button has finished
2026-02-24 21:31:27,446 - INFO - Pressing comment button has finished
2026-02-24 21:32:07,690 - INFO - Pressing comment button has finished
2026-02-24 21:32:33,976 - INFO - Pressing comment button has finished
2026-02-24 21:33:08,467 - INFO - Pressing comment button has finished
2026-02-24 21:33:44,789 - INFO - Pressing comment button has finished
2026-02-24 21:34:12,325 - INFO - Pressing comment button has finished
2026-02-24 21:34:33,824 - INFO - Pressing comment button has finished
2026-02-24 21:35:13,201 - INFO - Pressing comment button has finished
2026-02-24 21:36:03,688 - INFO - Pressing comment button has finished
2026-02-24 21:36:37,523 - INFO - Pressing comment button has finished
2026-02-24 21:37:00,949 - INFO - Pressing comment button has finished
2026-02-24 21:37:52,688 - INFO - Pressing comment button has finished
2026-02-24 21:38:24,592 - INFO - Pressing comment button has finished
2026-02-24 21:39:05,199 - INFO - Pressing comment button has finished
2026-02-24 21:39:37,558 - INFO - Pressing comment button has finished
2026-02-24 21:40:10,637 - INFO - Pressing comment button has finished
2026-02-24 21:41:11,713 - INFO - Pressing comment button has finished
2026-02-24 21:42:21,908 - INFO - Pressing comment button has finished
2026-02-24 21:43:27,036 - INFO - Pressing comment button has finished
2026-02-24 21:45:33,879 - INFO - Pressing comment button has finished
2026-02-24 21:47:25,821 - INFO - Pressing comment button has finished
2026-02-24 21:48:29,012 - INFO - Pressing comment button has finished
2026-02-24 21:52:10,760 - INFO - Pressing comment button has finished
2026-02-24 21:52:51,542 - INFO - Pressing comment button has finished
2026-02-24 21:56:58,577 - INFO - Pressing comment button has finished
2026-02-24 21:58:12,683 - INFO - Pressing comment button has finished
2026-02-24 22:01:06,284 - INFO - Pressing comment button has finished
2026-02-24 22:02:28,974 - INFO - Pressing comment button has finished
2026-02-24 22:04:22,757 - INFO - Pressing comment button has finished
2026-02-24 22:05:51,874 - INFO - Pressing comment button has finished
2026-02-24 22:07:37,832 - INFO - Pressing comment button has finished
2026-02-24 22:08:55,557 - INFO - Pressing comment button has finished
2026-02-24 22:10:22,600 - INFO - Pressing comment button has finished
2026-02-24 22:12:12,857 - INFO - Pressing comment button has finished
2026-02-24 22:13:25,808 - INFO - Pressing comment button has finished
2026-02-24 22:13:53,544 - INFO - Pressing comment button has finished
2026-02-24 22:14:39,078 - INFO - Pressing comment button has finished
2026-02-24 22:15:17,241 - INFO - Pressing comment button has finished
2026-02-24 22:16:14,524 - INFO - Pressing comment button has finished
2026-02-24 22:17:07,378 - INFO - Pressing comment button has finished
2026-02-24 22:18:19,939 - INFO - Pressing comment button has finished
2026-02-24 22:19:28,253 - INFO - Pressing comment button has finished
2026-02-24 22:20:17,833 - INFO - Pressing comment button has finished
2026-02-24 22:21:24,914 - INFO - Pressing comment button has finished
2026-02-24 22:22:53,073 - INFO - Pressing comment button has finished
2026-02-24 22:23:53,074 - INFO - Pressing comment button has finished
2026-02-24 22:25:10,346 - INFO - Pressing comment button has finished
2026-02-24 22:27:31,161 - INFO - Pressing comment button has finished
2026-02-24 22:28:59,268 - INFO - Pressing comment button has finished
2026-02-24 22:29:01,329 - WARNING - ONE comment couldn't be processed
2026-02-24 22:30:02,065 - INFO - Pressing comment button has finished
2026-02-24 22:30:40,871 - INFO - Pressing comment button has finished
2026-02-24 22:31:48,349 - INFO - Pressing comment button has finished
2026-02-24 22:33:35,802 - INFO - Pressing comment button has finished
2026-02-24 22:35:05,325 - INFO - Pressing comment button has finished
2026-02-24 22:36:19,040 - INFO - Pressing comment button has finished
2026-02-24 22:37:00,013 - INFO - Pressing comment button has finished
2026-02-24 22:37:43,582 - INFO - Pressing comment button has finished
2026-02-24 22:38:33,729 - INFO - Pressing comment button has finished
2026-02-24 22:39:06,737 - INFO - Pressing comment button has finished
2026-02-24 22:39:52,066 - INFO - Pressing comment button has finished
2026-02-24 22:40:24,509 - INFO - Pressing comment button has finished
2026-02-24 22:40:52,692 - INFO - Pressing comment button has finished
2026-02-24 22:41:14,951 - INFO - Pressing comment button has finished
2026-02-24 22:41:35,549 - INFO - Pressing comment button has finished
2026-02-24 22:42:08,004 - INFO - Pressing comment button has finished
2026-02-24 22:42:45,992 - INFO - Pressing comment button has finished
2026-02-24 22:43:07,335 - INFO - Pressing comment button has finished
2026-02-24 22:43:33,624 - INFO - Pressing comment button has finished
2026-02-24 22:44:35,793 - INFO - Pressing comment button has finished
2026-02-24 22:45:21,614 - INFO - Pressing comment button has finished
2026-02-24 22:45:50,635 - INFO - Pressing comment button has finished
2026-02-24 22:46:58,805 - INFO - Pressing comment button has finished
2026-02-24 22:47:07,141 - INFO - Finished one story
2026-02-24 22:47:09,247 - INFO - Looking into The Villain Quit Scheming
2026-02-24 22:47:21,187 - INFO - Pressing comment button has finished
2026-02-24 22:47:33,252 - INFO - Pressing comment button has finished
2026-02-24 22:47:46,180 - INFO - Pressing comment button has finished
2026-02-24 22:47:59,478 - INFO - Pressing comment button has finished
2026-02-24 22:48:12,054 - INFO - Pressing comment button has finished
2026-02-24 22:48:24,425 - INFO - Pressing comment button has finished
2026-02-24 22:48:37,096 - INFO - Pressing comment button has finished
2026-02-24 22:48:49,241 - INFO - Pressing comment button has finished
2026-02-24 22:49:01,462 - INFO - Pressing comment button has finished
2026-02-24 22:49:13,659 - INFO - Pressing comment button has finished
2026-02-24 22:49:26,194 - INFO - Pressing comment button has finished
2026-02-24 22:49:37,835 - INFO - Pressing comment button has finished
2026-02-24 22:49:50,590 - INFO - Pressing comment button has finished
2026-02-24 22:50:03,468 - INFO - Pressing comment button has finished
2026-02-24 22:50:16,258 - INFO - Pressing comment button has finished
2026-02-24 22:50:29,449 - INFO - Pressing comment button has finished
2026-02-24 22:50:44,472 - INFO - Pressing comment button has finished
2026-02-24 22:50:57,813 - INFO - Pressing comment button has finished
2026-02-24 22:51:09,871 - INFO - Pressing comment button has finished
2026-02-24 22:51:22,325 - INFO - Pressing comment button has finished
2026-02-24 22:51:23,389 - INFO - Finished one story
2026-02-24 22:51:24,920 - INFO - Looking into 𝐂𝐫𝐢𝐦𝐬𝐨𝐧 𝐄𝐦𝐩𝐢𝐫𝐞 🔥❤️‍🩹
2026-02-24 22:51:36,811 - INFO - Pressing comment button has finished
2026-02-24 22:51:48,944 - INFO - Pressing comment button has finished
2026-02-24 22:52:00,690 - INFO - Pressing comment button has finished
2026-02-24 22:52:12,223 - INFO - Pressing comment button has finished
2026-02-24 22:52:23,889 - INFO - Pressing comment button has finished
2026-02-24 22:52:35,699 - INFO - Pressing comment button has finished
2026-02-24 22:52:47,691 - INFO - Pressing comment button has finished
2026-02-24 22:53:00,644 - INFO - Pressing comment button has finished
2026-02-24 22:53:12,909 - INFO - Pressing comment button has finished
2026-02-24 22:53:24,619 - INFO - Pressing comment button has finished
2026-02-24 22:53:36,291 - INFO - Pressing comment button has finished
2026-02-24 22:53:48,264 - INFO - Pressing comment button has finished
2026-02-24 22:54:00,519 - INFO - Pressing comment button has finished
2026-02-24 22:54:12,935 - INFO - Pressing comment button has finished
2026-02-24 22:54:25,490 - INFO - Pressing comment button has finished
2026-02-24 22:54:38,222 - INFO - Pressing comment button has finished
2026-02-24 22:54:50,843 - INFO - Pressing comment button has finished
2026-02-24 22:54:52,397 - INFO - Finished one story
2026-02-24 22:54:54,195 - INFO - Looking into No Dogs Allowed
2026-02-24 22:55:04,930 - WARNING - Took to long to load. Skipping https://www.wattpad.com/story/401666929
2026-02-24 22:55:05,012 - INFO - Finished one story
2026-02-24 22:55:06,604 - INFO - Looking into Drafting Desire
2026-02-24 22:55:18,726 - INFO - Pressing comment button has finished
2026-02-24 22:55:31,078 - INFO - Pressing comment button has finished
2026-02-24 22:55:43,288 - INFO - Pressing comment button has finished
